This is pdfTeX, Version 3.14159265-2.6-1.40.19 (TeX Live 2018) (preloaded format=pdflatex 2019.3.14)  6 JUL 2019 16:56
entering extended mode
 restricted \write18 enabled.
 %&-line parsing enabled.
**Whitepaper.tex
(./Whitepaper.tex
LaTeX2e <2018-12-01>
(/home/srishti/.TinyTeX/texmf-dist/tex/latex/base/article.cls
Document Class: article 2018/09/03 v1.4i Standard LaTeX document class
(/home/srishti/.TinyTeX/texmf-dist/tex/latex/base/size11.clo
File: size11.clo 2018/09/03 v1.4i Standard LaTeX file (size option)
)
\c@part=\count80
\c@section=\count81
\c@subsection=\count82
\c@subsubsection=\count83
\c@paragraph=\count84
\c@subparagraph=\count85
\c@figure=\count86
\c@table=\count87
\abovecaptionskip=\skip41
\belowcaptionskip=\skip42
\bibindent=\dimen102
) (/home/srishti/.TinyTeX/texmf-dist/tex/latex/lm/lmodern.sty
Package: lmodern 2009/10/30 v1.6 Latin Modern Fonts
LaTeX Font Info:    Overwriting symbol font `operators' in version `normal'
(Font)                  OT1/cmr/m/n --> OT1/lmr/m/n on input line 22.
LaTeX Font Info:    Overwriting symbol font `letters' in version `normal'
(Font)                  OML/cmm/m/it --> OML/lmm/m/it on input line 23.
LaTeX Font Info:    Overwriting symbol font `symbols' in version `normal'
(Font)                  OMS/cmsy/m/n --> OMS/lmsy/m/n on input line 24.
LaTeX Font Info:    Overwriting symbol font `largesymbols' in version `normal'
(Font)                  OMX/cmex/m/n --> OMX/lmex/m/n on input line 25.
LaTeX Font Info:    Overwriting symbol font `operators' in version `bold'
(Font)                  OT1/cmr/bx/n --> OT1/lmr/bx/n on input line 26.
LaTeX Font Info:    Overwriting symbol font `letters' in version `bold'
(Font)                  OML/cmm/b/it --> OML/lmm/b/it on input line 27.
LaTeX Font Info:    Overwriting symbol font `symbols' in version `bold'
(Font)                  OMS/cmsy/b/n --> OMS/lmsy/b/n on input line 28.
LaTeX Font Info:    Overwriting symbol font `largesymbols' in version `bold'
(Font)                  OMX/cmex/m/n --> OMX/lmex/m/n on input line 29.
LaTeX Font Info:    Overwriting math alphabet `\mathbf' in version `normal'
(Font)                  OT1/cmr/bx/n --> OT1/lmr/bx/n on input line 31.
LaTeX Font Info:    Overwriting math alphabet `\mathsf' in version `normal'
(Font)                  OT1/cmss/m/n --> OT1/lmss/m/n on input line 32.
LaTeX Font Info:    Overwriting math alphabet `\mathit' in version `normal'
(Font)                  OT1/cmr/m/it --> OT1/lmr/m/it on input line 33.
LaTeX Font Info:    Overwriting math alphabet `\mathtt' in version `normal'
(Font)                  OT1/cmtt/m/n --> OT1/lmtt/m/n on input line 34.
LaTeX Font Info:    Overwriting math alphabet `\mathbf' in version `bold'
(Font)                  OT1/cmr/bx/n --> OT1/lmr/bx/n on input line 35.
LaTeX Font Info:    Overwriting math alphabet `\mathsf' in version `bold'
(Font)                  OT1/cmss/bx/n --> OT1/lmss/bx/n on input line 36.
LaTeX Font Info:    Overwriting math alphabet `\mathit' in version `bold'
(Font)                  OT1/cmr/bx/it --> OT1/lmr/bx/it on input line 37.
LaTeX Font Info:    Overwriting math alphabet `\mathtt' in version `bold'
(Font)                  OT1/cmtt/m/n --> OT1/lmtt/m/n on input line 38.
) (/home/srishti/.TinyTeX/texmf-dist/tex/latex/amsfonts/amssymb.sty
Package: amssymb 2013/01/14 v3.01 AMS font symbols
(/home/srishti/.TinyTeX/texmf-dist/tex/latex/amsfonts/amsfonts.sty
Package: amsfonts 2013/01/14 v3.01 Basic AMSFonts support
\@emptytoks=\toks14
\symAMSa=\mathgroup4
\symAMSb=\mathgroup5
LaTeX Font Info:    Overwriting math alphabet `\mathfrak' in version `bold'
(Font)                  U/euf/m/n --> U/euf/b/n on input line 106.
)) (/home/srishti/.TinyTeX/texmf-dist/tex/latex/amsmath/amsmath.sty
Package: amsmath 2018/12/01 v2.17b AMS math features
\@mathmargin=\skip43
For additional information on amsmath, use the `?' option.
(/home/srishti/.TinyTeX/texmf-dist/tex/latex/amsmath/amstext.sty
Package: amstext 2000/06/29 v2.01 AMS text
(/home/srishti/.TinyTeX/texmf-dist/tex/latex/amsmath/amsgen.sty
File: amsgen.sty 1999/11/30 v2.0 generic functions
\@emptytoks=\toks15
\ex@=\dimen103
)) (/home/srishti/.TinyTeX/texmf-dist/tex/latex/amsmath/amsbsy.sty
Package: amsbsy 1999/11/29 v1.2d Bold Symbols
\pmbraise@=\dimen104
) (/home/srishti/.TinyTeX/texmf-dist/tex/latex/amsmath/amsopn.sty
Package: amsopn 2016/03/08 v2.02 operator names
)
\inf@bad=\count88
LaTeX Info: Redefining \frac on input line 223.
\uproot@=\count89
\leftroot@=\count90
LaTeX Info: Redefining \overline on input line 385.
\classnum@=\count91
\DOTSCASE@=\count92
LaTeX Info: Redefining \ldots on input line 482.
LaTeX Info: Redefining \dots on input line 485.
LaTeX Info: Redefining \cdots on input line 606.
\Mathstrutbox@=\box27
\strutbox@=\box28
\big@size=\dimen105
LaTeX Font Info:    Redeclaring font encoding OML on input line 729.
LaTeX Font Info:    Redeclaring font encoding OMS on input line 730.
\macc@depth=\count93
\c@MaxMatrixCols=\count94
\dotsspace@=\muskip10
\c@parentequation=\count95
\dspbrk@lvl=\count96
\tag@help=\toks16
\row@=\count97
\column@=\count98
\maxfields@=\count99
\andhelp@=\toks17
\eqnshift@=\dimen106
\alignsep@=\dimen107
\tagshift@=\dimen108
\tagwidth@=\dimen109
\totwidth@=\dimen110
\lineht@=\dimen111
\@envbody=\toks18
\multlinegap=\skip44
\multlinetaggap=\skip45
\mathdisplay@stack=\toks19
LaTeX Info: Redefining \[ on input line 2844.
LaTeX Info: Redefining \] on input line 2845.
) (/home/srishti/.TinyTeX/texmf-dist/tex/generic/ifxetex/ifxetex.sty
Package: ifxetex 2010/09/12 v0.6 Provides ifxetex conditional
) (/home/srishti/.TinyTeX/texmf-dist/tex/generic/oberdiek/ifluatex.sty
Package: ifluatex 2016/05/16 v1.4 Provides the ifluatex switch (HO)
Package ifluatex Info: LuaTeX not detected.
) (/home/srishti/.TinyTeX/texmf-dist/tex/latex/base/fixltx2e.sty
Package: fixltx2e 2016/12/29 v2.1a fixes to LaTeX (obsolete)
Applying: [2015/01/01] Old fixltx2e package on input line 46.

Package fixltx2e Warning: fixltx2e is not required with releases after 2015
(fixltx2e)                All fixes are now in the LaTeX kernel.
(fixltx2e)                See the latexrelease package for details.

Already applied: [0000/00/00] Old fixltx2e package on input line 53.
) (/home/srishti/.TinyTeX/texmf-dist/tex/latex/base/fontenc.sty
Package: fontenc 2018/08/11 v2.0j Standard LaTeX package
(/home/srishti/.TinyTeX/texmf-dist/tex/latex/base/t1enc.def
File: t1enc.def 2018/08/11 v2.0j Standard LaTeX file
LaTeX Font Info:    Redeclaring font encoding T1 on input line 48.
)) (/home/srishti/.TinyTeX/texmf-dist/tex/latex/base/inputenc.sty
Package: inputenc 2018/08/11 v1.3c Input encoding file
\inpenc@prehook=\toks20
\inpenc@posthook=\toks21
) (/home/srishti/.TinyTeX/texmf-dist/tex/latex/upquote/upquote.sty
Package: upquote 2012/04/19 v1.3 upright-quote and grave-accent glyphs in verba
tim
(/home/srishti/.TinyTeX/texmf-dist/tex/latex/base/textcomp.sty
Package: textcomp 2018/08/11 v2.0j Standard LaTeX package
Package textcomp Info: Sub-encoding information:
(textcomp)               5 = only ISO-Adobe without \textcurrency
(textcomp)               4 = 5 + \texteuro
(textcomp)               3 = 4 + \textohm
(textcomp)               2 = 3 + \textestimated + \textcurrency
(textcomp)               1 = TS1 - \textcircled - \t
(textcomp)               0 = TS1 (full)
(textcomp)             Font families with sub-encoding setting implement
(textcomp)             only a restricted character set as indicated.
(textcomp)             Family '?' is the default used for unknown fonts.
(textcomp)             See the documentation for details.
Package textcomp Info: Setting ? sub-encoding to TS1/1 on input line 79.
(/home/srishti/.TinyTeX/texmf-dist/tex/latex/base/ts1enc.def
File: ts1enc.def 2001/06/05 v3.0e (jk/car/fm) Standard LaTeX file
Now handling font encoding TS1 ...
... processing UTF-8 mapping file for font encoding TS1
(/home/srishti/.TinyTeX/texmf-dist/tex/latex/base/ts1enc.dfu
File: ts1enc.dfu 2018/10/05 v1.2f UTF-8 support for inputenc
   defining Unicode char U+00A2 (decimal 162)
   defining Unicode char U+00A3 (decimal 163)
   defining Unicode char U+00A4 (decimal 164)
   defining Unicode char U+00A5 (decimal 165)
   defining Unicode char U+00A6 (decimal 166)
   defining Unicode char U+00A7 (decimal 167)
   defining Unicode char U+00A8 (decimal 168)
   defining Unicode char U+00A9 (decimal 169)
   defining Unicode char U+00AA (decimal 170)
   defining Unicode char U+00AC (decimal 172)
   defining Unicode char U+00AE (decimal 174)
   defining Unicode char U+00AF (decimal 175)
   defining Unicode char U+00B0 (decimal 176)
   defining Unicode char U+00B1 (decimal 177)
   defining Unicode char U+00B2 (decimal 178)
   defining Unicode char U+00B3 (decimal 179)
   defining Unicode char U+00B4 (decimal 180)
   defining Unicode char U+00B5 (decimal 181)
   defining Unicode char U+00B6 (decimal 182)
   defining Unicode char U+00B7 (decimal 183)
   defining Unicode char U+00B9 (decimal 185)
   defining Unicode char U+00BA (decimal 186)
   defining Unicode char U+00BC (decimal 188)
   defining Unicode char U+00BD (decimal 189)
   defining Unicode char U+00BE (decimal 190)
   defining Unicode char U+00D7 (decimal 215)
   defining Unicode char U+00F7 (decimal 247)
   defining Unicode char U+0192 (decimal 402)
   defining Unicode char U+02C7 (decimal 711)
   defining Unicode char U+02D8 (decimal 728)
   defining Unicode char U+02DD (decimal 733)
   defining Unicode char U+0E3F (decimal 3647)
   defining Unicode char U+2016 (decimal 8214)
   defining Unicode char U+2020 (decimal 8224)
   defining Unicode char U+2021 (decimal 8225)
   defining Unicode char U+2022 (decimal 8226)
   defining Unicode char U+2030 (decimal 8240)
   defining Unicode char U+2031 (decimal 8241)
   defining Unicode char U+203B (decimal 8251)
   defining Unicode char U+203D (decimal 8253)
   defining Unicode char U+2044 (decimal 8260)
   defining Unicode char U+204E (decimal 8270)
   defining Unicode char U+2052 (decimal 8274)
   defining Unicode char U+20A1 (decimal 8353)
   defining Unicode char U+20A4 (decimal 8356)
   defining Unicode char U+20A6 (decimal 8358)
   defining Unicode char U+20A9 (decimal 8361)
   defining Unicode char U+20AB (decimal 8363)
   defining Unicode char U+20AC (decimal 8364)
   defining Unicode char U+20B1 (decimal 8369)
   defining Unicode char U+2103 (decimal 8451)
   defining Unicode char U+2116 (decimal 8470)
   defining Unicode char U+2117 (decimal 8471)
   defining Unicode char U+211E (decimal 8478)
   defining Unicode char U+2120 (decimal 8480)
   defining Unicode char U+2122 (decimal 8482)
   defining Unicode char U+2126 (decimal 8486)
   defining Unicode char U+2127 (decimal 8487)
   defining Unicode char U+212E (decimal 8494)
   defining Unicode char U+2190 (decimal 8592)
   defining Unicode char U+2191 (decimal 8593)
   defining Unicode char U+2192 (decimal 8594)
   defining Unicode char U+2193 (decimal 8595)
   defining Unicode char U+2329 (decimal 9001)
   defining Unicode char U+232A (decimal 9002)
   defining Unicode char U+2422 (decimal 9250)
   defining Unicode char U+25E6 (decimal 9702)
   defining Unicode char U+25EF (decimal 9711)
   defining Unicode char U+266A (decimal 9834)
   defining Unicode char U+FEFF (decimal 65279)
))
LaTeX Info: Redefining \oldstylenums on input line 334.
Package textcomp Info: Setting cmr sub-encoding to TS1/0 on input line 349.
Package textcomp Info: Setting cmss sub-encoding to TS1/0 on input line 350.
Package textcomp Info: Setting cmtt sub-encoding to TS1/0 on input line 351.
Package textcomp Info: Setting cmvtt sub-encoding to TS1/0 on input line 352.
Package textcomp Info: Setting cmbr sub-encoding to TS1/0 on input line 353.
Package textcomp Info: Setting cmtl sub-encoding to TS1/0 on input line 354.
Package textcomp Info: Setting ccr sub-encoding to TS1/0 on input line 355.
Package textcomp Info: Setting ptm sub-encoding to TS1/4 on input line 356.
Package textcomp Info: Setting pcr sub-encoding to TS1/4 on input line 357.
Package textcomp Info: Setting phv sub-encoding to TS1/4 on input line 358.
Package textcomp Info: Setting ppl sub-encoding to TS1/3 on input line 359.
Package textcomp Info: Setting pag sub-encoding to TS1/4 on input line 360.
Package textcomp Info: Setting pbk sub-encoding to TS1/4 on input line 361.
Package textcomp Info: Setting pnc sub-encoding to TS1/4 on input line 362.
Package textcomp Info: Setting pzc sub-encoding to TS1/4 on input line 363.
Package textcomp Info: Setting bch sub-encoding to TS1/4 on input line 364.
Package textcomp Info: Setting put sub-encoding to TS1/5 on input line 365.
Package textcomp Info: Setting uag sub-encoding to TS1/5 on input line 366.
Package textcomp Info: Setting ugq sub-encoding to TS1/5 on input line 367.
Package textcomp Info: Setting ul8 sub-encoding to TS1/4 on input line 368.
Package textcomp Info: Setting ul9 sub-encoding to TS1/4 on input line 369.
Package textcomp Info: Setting augie sub-encoding to TS1/5 on input line 370.
Package textcomp Info: Setting dayrom sub-encoding to TS1/3 on input line 371.
Package textcomp Info: Setting dayroms sub-encoding to TS1/3 on input line 372.

Package textcomp Info: Setting pxr sub-encoding to TS1/0 on input line 373.
Package textcomp Info: Setting pxss sub-encoding to TS1/0 on input line 374.
Package textcomp Info: Setting pxtt sub-encoding to TS1/0 on input line 375.
Package textcomp Info: Setting txr sub-encoding to TS1/0 on input line 376.
Package textcomp Info: Setting txss sub-encoding to TS1/0 on input line 377.
Package textcomp Info: Setting txtt sub-encoding to TS1/0 on input line 378.
Package textcomp Info: Setting lmr sub-encoding to TS1/0 on input line 379.
Package textcomp Info: Setting lmdh sub-encoding to TS1/0 on input line 380.
Package textcomp Info: Setting lmss sub-encoding to TS1/0 on input line 381.
Package textcomp Info: Setting lmssq sub-encoding to TS1/0 on input line 382.
Package textcomp Info: Setting lmvtt sub-encoding to TS1/0 on input line 383.
Package textcomp Info: Setting lmtt sub-encoding to TS1/0 on input line 384.
Package textcomp Info: Setting qhv sub-encoding to TS1/0 on input line 385.
Package textcomp Info: Setting qag sub-encoding to TS1/0 on input line 386.
Package textcomp Info: Setting qbk sub-encoding to TS1/0 on input line 387.
Package textcomp Info: Setting qcr sub-encoding to TS1/0 on input line 388.
Package textcomp Info: Setting qcs sub-encoding to TS1/0 on input line 389.
Package textcomp Info: Setting qpl sub-encoding to TS1/0 on input line 390.
Package textcomp Info: Setting qtm sub-encoding to TS1/0 on input line 391.
Package textcomp Info: Setting qzc sub-encoding to TS1/0 on input line 392.
Package textcomp Info: Setting qhvc sub-encoding to TS1/0 on input line 393.
Package textcomp Info: Setting futs sub-encoding to TS1/4 on input line 394.
Package textcomp Info: Setting futx sub-encoding to TS1/4 on input line 395.
Package textcomp Info: Setting futj sub-encoding to TS1/4 on input line 396.
Package textcomp Info: Setting hlh sub-encoding to TS1/3 on input line 397.
Package textcomp Info: Setting hls sub-encoding to TS1/3 on input line 398.
Package textcomp Info: Setting hlst sub-encoding to TS1/3 on input line 399.
Package textcomp Info: Setting hlct sub-encoding to TS1/5 on input line 400.
Package textcomp Info: Setting hlx sub-encoding to TS1/5 on input line 401.
Package textcomp Info: Setting hlce sub-encoding to TS1/5 on input line 402.
Package textcomp Info: Setting hlcn sub-encoding to TS1/5 on input line 403.
Package textcomp Info: Setting hlcw sub-encoding to TS1/5 on input line 404.
Package textcomp Info: Setting hlcf sub-encoding to TS1/5 on input line 405.
Package textcomp Info: Setting pplx sub-encoding to TS1/3 on input line 406.
Package textcomp Info: Setting pplj sub-encoding to TS1/3 on input line 407.
Package textcomp Info: Setting ptmx sub-encoding to TS1/4 on input line 408.
Package textcomp Info: Setting ptmj sub-encoding to TS1/4 on input line 409.
)) (/home/srishti/.TinyTeX/texmf-dist/tex/latex/geometry/geometry.sty
Package: geometry 2018/04/16 v5.8 Page Geometry
(/home/srishti/.TinyTeX/texmf-dist/tex/latex/graphics/keyval.sty
Package: keyval 2014/10/28 v1.15 key=value parser (DPC)
\KV@toks@=\toks22
) (/home/srishti/.TinyTeX/texmf-dist/tex/generic/oberdiek/ifpdf.sty
Package: ifpdf 2018/09/07 v3.3 Provides the ifpdf switch
) (/home/srishti/.TinyTeX/texmf-dist/tex/generic/oberdiek/ifvtex.sty
Package: ifvtex 2016/05/16 v1.6 Detect VTeX and its facilities (HO)
Package ifvtex Info: VTeX not detected.
)
\Gm@cnth=\count100
\Gm@cntv=\count101
\c@Gm@tempcnt=\count102
\Gm@bindingoffset=\dimen112
\Gm@wd@mp=\dimen113
\Gm@odd@mp=\dimen114
\Gm@even@mp=\dimen115
\Gm@layoutwidth=\dimen116
\Gm@layoutheight=\dimen117
\Gm@layouthoffset=\dimen118
\Gm@layoutvoffset=\dimen119
\Gm@dimlist=\toks23
) (/home/srishti/.TinyTeX/texmf-dist/tex/latex/hyperref/hyperref.sty
Package: hyperref 2018/11/30 v6.88e Hypertext links for LaTeX
(/home/srishti/.TinyTeX/texmf-dist/tex/generic/oberdiek/hobsub-hyperref.sty
Package: hobsub-hyperref 2016/05/16 v1.14 Bundle oberdiek, subset hyperref (HO)

(/home/srishti/.TinyTeX/texmf-dist/tex/generic/oberdiek/hobsub-generic.sty
Package: hobsub-generic 2016/05/16 v1.14 Bundle oberdiek, subset generic (HO)
Package: hobsub 2016/05/16 v1.14 Construct package bundles (HO)
Package: infwarerr 2016/05/16 v1.4 Providing info/warning/error messages (HO)
Package: ltxcmds 2016/05/16 v1.23 LaTeX kernel commands for general use (HO)
Package hobsub Info: Skipping package `ifluatex' (already loaded).
Package hobsub Info: Skipping package `ifvtex' (already loaded).
Package: intcalc 2016/05/16 v1.2 Expandable calculations with integers (HO)
Package hobsub Info: Skipping package `ifpdf' (already loaded).
Package: etexcmds 2016/05/16 v1.6 Avoid name clashes with e-TeX commands (HO)
Package etexcmds Info: Could not find \expanded.
(etexcmds)             That can mean that you are not using pdfTeX 1.50 or
(etexcmds)             that some package has redefined \expanded.
(etexcmds)             In the latter case, load this package earlier.
Package: kvsetkeys 2016/05/16 v1.17 Key value parser (HO)
Package: kvdefinekeys 2016/05/16 v1.4 Define keys (HO)
Package: pdftexcmds 2018/09/10 v0.29 Utility functions of pdfTeX for LuaTeX (HO
)
Package pdftexcmds Info: LuaTeX not detected.
Package pdftexcmds Info: \pdf@primitive is available.
Package pdftexcmds Info: \pdf@ifprimitive is available.
Package pdftexcmds Info: \pdfdraftmode found.
Package: pdfescape 2016/05/16 v1.14 Implements pdfTeX's escape features (HO)
Package: bigintcalc 2016/05/16 v1.4 Expandable calculations on big integers (HO
)
Package: bitset 2016/05/16 v1.2 Handle bit-vector datatype (HO)
Package: uniquecounter 2016/05/16 v1.3 Provide unlimited unique counter (HO)
)
Package hobsub Info: Skipping package `hobsub' (already loaded).
Package: letltxmacro 2016/05/16 v1.5 Let assignment for LaTeX macros (HO)
Package: hopatch 2016/05/16 v1.3 Wrapper for package hooks (HO)
Package: xcolor-patch 2016/05/16 xcolor patch
Package: atveryend 2016/05/16 v1.9 Hooks at the very end of document (HO)
Package atveryend Info: \enddocument detected (standard20110627).
Package: atbegshi 2016/06/09 v1.18 At begin shipout hook (HO)
Package: refcount 2016/05/16 v3.5 Data extraction from label references (HO)
Package: hycolor 2016/05/16 v1.8 Color options for hyperref/bookmark (HO)
) (/home/srishti/.TinyTeX/texmf-dist/tex/latex/oberdiek/auxhook.sty
Package: auxhook 2016/05/16 v1.4 Hooks for auxiliary files (HO)
) (/home/srishti/.TinyTeX/texmf-dist/tex/latex/oberdiek/kvoptions.sty
Package: kvoptions 2016/05/16 v3.12 Key value format for package options (HO)
)
\@linkdim=\dimen120
\Hy@linkcounter=\count103
\Hy@pagecounter=\count104
(/home/srishti/.TinyTeX/texmf-dist/tex/latex/hyperref/pd1enc.def
File: pd1enc.def 2018/11/30 v6.88e Hyperref: PDFDocEncoding definition (HO)
Now handling font encoding PD1 ...
... no UTF-8 mapping file for font encoding PD1
)
\Hy@SavedSpaceFactor=\count105
(/home/srishti/.TinyTeX/texmf-dist/tex/latex/latexconfig/hyperref.cfg
File: hyperref.cfg 2002/06/06 v1.2 hyperref configuration of TeXLive
)
Package hyperref Info: Hyper figures OFF on input line 4519.
Package hyperref Info: Link nesting OFF on input line 4524.
Package hyperref Info: Hyper index ON on input line 4527.
Package hyperref Info: Plain pages OFF on input line 4534.
Package hyperref Info: Backreferencing OFF on input line 4539.
Package hyperref Info: Implicit mode ON; LaTeX internals redefined.
Package hyperref Info: Bookmarks ON on input line 4772.
\c@Hy@tempcnt=\count106
(/home/srishti/.TinyTeX/texmf-dist/tex/latex/url/url.sty
\Urlmuskip=\muskip11
Package: url 2013/09/16  ver 3.4  Verb mode for urls, etc.
)
LaTeX Info: Redefining \url on input line 5125.
\XeTeXLinkMargin=\dimen121
\Fld@menulength=\count107
\Field@Width=\dimen122
\Fld@charsize=\dimen123
Package hyperref Info: Hyper figures OFF on input line 6380.
Package hyperref Info: Link nesting OFF on input line 6385.
Package hyperref Info: Hyper index ON on input line 6388.
Package hyperref Info: backreferencing OFF on input line 6395.
Package hyperref Info: Link coloring OFF on input line 6400.
Package hyperref Info: Link coloring with OCG OFF on input line 6405.
Package hyperref Info: PDF/A mode OFF on input line 6410.
LaTeX Info: Redefining \ref on input line 6450.
LaTeX Info: Redefining \pageref on input line 6454.
\Hy@abspage=\count108
\c@Item=\count109
\c@Hfootnote=\count110
)
Package hyperref Info: Driver (autodetected): hpdftex.
(/home/srishti/.TinyTeX/texmf-dist/tex/latex/hyperref/hpdftex.def
File: hpdftex.def 2018/11/30 v6.88e Hyperref driver for pdfTeX
\Fld@listcount=\count111
\c@bookmark@seq@number=\count112
(/home/srishti/.TinyTeX/texmf-dist/tex/latex/oberdiek/rerunfilecheck.sty
Package: rerunfilecheck 2016/05/16 v1.8 Rerun checks for auxiliary files (HO)
Package uniquecounter Info: New unique counter `rerunfilecheck' on input line 2
82.
)
\Hy@SectionHShift=\skip46
)
Package hyperref Info: Option `unicode' set `true' on input line 34.
(/home/srishti/.TinyTeX/texmf-dist/tex/latex/hyperref/puenc.def
File: puenc.def 2018/11/30 v6.88e Hyperref: PDF Unicode definition (HO)
Now handling font encoding PU ...
... no UTF-8 mapping file for font encoding PU
)
Package hyperref Info: Option `colorlinks' set `true' on input line 34.
Package hyperref Info: Option `breaklinks' set `true' on input line 34.
(/home/srishti/.TinyTeX/texmf-dist/tex/latex/graphics/color.sty
Package: color 2016/07/10 v1.1e Standard LaTeX Color (DPC)
(/home/srishti/.TinyTeX/texmf-dist/tex/latex/graphics-cfg/color.cfg
File: color.cfg 2016/01/02 v1.6 sample color configuration
)
Package color Info: Driver file: pdftex.def on input line 147.
(/home/srishti/.TinyTeX/texmf-dist/tex/latex/graphics-def/pdftex.def
File: pdftex.def 2018/01/08 v1.0l Graphics/color driver for pdftex
) (/home/srishti/.TinyTeX/texmf-dist/tex/latex/graphics/dvipsnam.def
File: dvipsnam.def 2016/06/17 v3.0m Driver-dependent file (DPC,SPQR)
)) (/home/srishti/.TinyTeX/texmf-dist/tex/latex/fancyvrb/fancyvrb.sty
Package: fancyvrb 2019/01/15
Style option: `fancyvrb' v3.2a <2019/01/15> (tvz)
\FV@CodeLineNo=\count113
\FV@InFile=\read1
\FV@TabBox=\box29
\c@FancyVerbLine=\count114
\FV@StepNumber=\count115
\FV@OutFile=\write3
) (/home/srishti/.TinyTeX/texmf-dist/tex/latex/framed/framed.sty
Package: framed 2011/10/22 v 0.96: framed or shaded text with page breaks
\OuterFrameSep=\skip47
\fb@frw=\dimen124
\fb@frh=\dimen125
\FrameRule=\dimen126
\FrameSep=\dimen127
) (/home/srishti/.TinyTeX/texmf-dist/tex/latex/graphics/graphicx.sty
Package: graphicx 2017/06/01 v1.1a Enhanced LaTeX Graphics (DPC,SPQR)
(/home/srishti/.TinyTeX/texmf-dist/tex/latex/graphics/graphics.sty
Package: graphics 2017/06/25 v1.2c Standard LaTeX Graphics (DPC,SPQR)
(/home/srishti/.TinyTeX/texmf-dist/tex/latex/graphics/trig.sty
Package: trig 2016/01/03 v1.10 sin cos tan (DPC)
) (/home/srishti/.TinyTeX/texmf-dist/tex/latex/graphics-cfg/graphics.cfg
File: graphics.cfg 2016/06/04 v1.11 sample graphics configuration
)
Package graphics Info: Driver file: pdftex.def on input line 99.
)
\Gin@req@height=\dimen128
\Gin@req@width=\dimen129
) (/home/srishti/.TinyTeX/texmf-dist/tex/latex/oberdiek/grffile.sty
Package: grffile 2017/06/30 v1.18 Extended file name support for graphics (HO)
Package grffile Info: Option `multidot' is set to `true'.
Package grffile Info: Option `extendedchars' is set to `false'.
Package grffile Info: Option `space' is set to `true'.
Package grffile Info: \Gin@ii of package `graphicx' fixed on input line 494.
) (/home/srishti/.TinyTeX/texmf-dist/tex/latex/titling/titling.sty
Package: titling 2009/09/04 v2.1d maketitle typesetting
\thanksmarkwidth=\skip48
\thanksmargin=\skip49
\droptitle=\skip50
) (/home/srishti/.TinyTeX/texmf-dist/tex/latex/fancyhdr/fancyhdr.sty
Package: fancyhdr 2019/01/31 v3.10 Extensive control of page headers and footer
s
\f@nch@headwidth=\skip51
\f@nch@O@elh=\skip52
\f@nch@O@erh=\skip53
\f@nch@O@olh=\skip54
\f@nch@O@orh=\skip55
\f@nch@O@elf=\skip56
\f@nch@O@erf=\skip57
\f@nch@O@olf=\skip58
\f@nch@O@orf=\skip59
)

Package Fancyhdr Warning: \fancyhead's `E' option without twoside option is use
less on input line 143.


Package Fancyhdr Warning: \fancyfoot's `E' option without twoside option is use
less on input line 144.


Package Fancyhdr Warning: \fancyfoot's `E' option without twoside option is use
less on input line 146.

(/home/srishti/.TinyTeX/texmf-dist/tex/latex/multirow/multirow.sty
Package: multirow 2019/01/01 v2.4 Span multiple rows of a table
\multirow@colwidth=\skip60
\multirow@cntb=\count116
\multirow@dima=\skip61
\bigstrutjot=\dimen130
) (/home/srishti/.TinyTeX/texmf-dist/tex/latex/tools/hhline.sty
Package: hhline 2014/10/28 v2.03 Table rule package (DPC)
) (/home/srishti/.TinyTeX/texmf-dist/tex/latex/amscls/amsthm.sty
Package: amsthm 2017/10/31 v2.20.4
\thm@style=\toks24
\thm@bodyfont=\toks25
\thm@headfont=\toks26
\thm@notefont=\toks27
\thm@headpunct=\toks28
\thm@preskip=\skip62
\thm@postskip=\skip63
\thm@headsep=\skip64
\dth@everypar=\toks29
) (/home/srishti/.TinyTeX/texmf-dist/tex/latex/float/float.sty
Package: float 2001/11/08 v1.3d Float enhancements (AL)
\c@float@type=\count117
\float@exts=\toks30
\float@box=\box30
\@float@everytoks=\toks31
\@floatcapt=\box31
)
\c@thm=\count118
   defining Unicode char U+2212 (decimal 8722)
   defining Unicode char U+03B7 (decimal 951)
(./Whitepaper.aux)
\openout1 = `Whitepaper.aux'.

LaTeX Font Info:    Checking defaults for OML/cmm/m/it on input line 164.
LaTeX Font Info:    ... okay on input line 164.
LaTeX Font Info:    Checking defaults for T1/cmr/m/n on input line 164.
LaTeX Font Info:    ... okay on input line 164.
LaTeX Font Info:    Checking defaults for OT1/cmr/m/n on input line 164.
LaTeX Font Info:    ... okay on input line 164.
LaTeX Font Info:    Checking defaults for OMS/cmsy/m/n on input line 164.
LaTeX Font Info:    ... okay on input line 164.
LaTeX Font Info:    Checking defaults for OMX/cmex/m/n on input line 164.
LaTeX Font Info:    ... okay on input line 164.
LaTeX Font Info:    Checking defaults for U/cmr/m/n on input line 164.
LaTeX Font Info:    ... okay on input line 164.
LaTeX Font Info:    Checking defaults for TS1/cmr/m/n on input line 164.
LaTeX Font Info:    Try loading font information for TS1+cmr on input line 164.

(/home/srishti/.TinyTeX/texmf-dist/tex/latex/base/ts1cmr.fd
File: ts1cmr.fd 2014/09/29 v2.5h Standard LaTeX font definitions
)
LaTeX Font Info:    ... okay on input line 164.
LaTeX Font Info:    Checking defaults for PD1/pdf/m/n on input line 164.
LaTeX Font Info:    ... okay on input line 164.
LaTeX Font Info:    Checking defaults for PU/pdf/m/n on input line 164.
LaTeX Font Info:    ... okay on input line 164.
LaTeX Font Info:    Try loading font information for T1+lmr on input line 164.
(/home/srishti/.TinyTeX/texmf-dist/tex/latex/lm/t1lmr.fd
File: t1lmr.fd 2009/10/30 v1.6 Font defs for Latin Modern
)
*geometry* driver: auto-detecting
*geometry* detected driver: pdftex
*geometry* verbose mode - [ preamble ] result:
* driver: pdftex
* paper: <default>
* layout: <same size as paper>
* layoutoffset:(h,v)=(0.0pt,0.0pt)
* modes: 
* h-part:(L,W,R)=(72.26999pt, 469.75502pt, 72.26999pt)
* v-part:(T,H,B)=(72.26999pt, 650.43001pt, 72.26999pt)
* \paperwidth=614.295pt
* \paperheight=794.96999pt
* \textwidth=469.75502pt
* \textheight=650.43001pt
* \oddsidemargin=0.0pt
* \evensidemargin=0.0pt
* \topmargin=-37.0pt
* \headheight=12.0pt
* \headsep=25.0pt
* \topskip=11.0pt
* \footskip=30.0pt
* \marginparwidth=59.0pt
* \marginparsep=10.0pt
* \columnsep=10.0pt
* \skip\footins=10.0pt plus 4.0pt minus 2.0pt
* \hoffset=0.0pt
* \voffset=0.0pt
* \mag=1000
* \@twocolumnfalse
* \@twosidefalse
* \@mparswitchfalse
* \@reversemarginfalse
* (1in=72.27pt=25.4mm, 1cm=28.453pt)

\AtBeginShipoutBox=\box32
Package hyperref Info: Link coloring ON on input line 164.
(/home/srishti/.TinyTeX/texmf-dist/tex/latex/hyperref/nameref.sty
Package: nameref 2016/05/21 v2.44 Cross-referencing by name of section
(/home/srishti/.TinyTeX/texmf-dist/tex/generic/oberdiek/gettitlestring.sty
Package: gettitlestring 2016/05/16 v1.5 Cleanup title references (HO)
)
\c@section@level=\count119
)
LaTeX Info: Redefining \ref on input line 164.
LaTeX Info: Redefining \pageref on input line 164.
LaTeX Info: Redefining \nameref on input line 164.
(./Whitepaper.out) (./Whitepaper.out)
\@outlinefile=\write4
\openout4 = `Whitepaper.out'.

(/home/srishti/.TinyTeX/texmf-dist/tex/latex/oberdiek/epstopdf-base.sty
Package: epstopdf-base 2016/05/15 v2.6 Base part for package epstopdf
(/home/srishti/.TinyTeX/texmf-dist/tex/latex/oberdiek/grfext.sty
Package: grfext 2016/05/16 v1.2 Manage graphics extensions (HO)
)
Package epstopdf-base Info: Redefining graphics rule for `.eps' on input line 4
38.
Package grfext Info: Graphics extension search list:
(grfext)             [.pdf,.png,.jpg,.mps,.jpeg,.jbig2,.jb2,.PDF,.PNG,.JPG,.JPE
G,.JBIG2,.JB2,.eps]
(grfext)             \AppendGraphicsExtensions on input line 456.
(/home/srishti/.TinyTeX/texmf-dist/tex/latex/latexconfig/epstopdf-sys.cfg
File: epstopdf-sys.cfg 2010/07/13 v1.3 Configuration of (r)epstopdf for TeX Liv
e
))
<images/logo_big.jpg, id=205, 722.7pt x 534.798pt>
File: images/logo_big.jpg Graphic file (type jpg)
<use images/logo_big.jpg>
Package pdftex.def Info: images/logo_big.jpg  used on input line 165.
(pdftex.def)             Requested size: 284.53154pt x 210.55334pt.
[1

{/home/srishti/.TinyTeX/texmf-var/fonts/map/pdftex/updmap/pdftex.map} <./images
/logo_big.jpg>] (./Whitepaper.toc
LaTeX Font Info:    Try loading font information for OT1+lmr on input line 4.
(/home/srishti/.TinyTeX/texmf-dist/tex/latex/lm/ot1lmr.fd
File: ot1lmr.fd 2009/10/30 v1.6 Font defs for Latin Modern
)
LaTeX Font Info:    Try loading font information for OML+lmm on input line 4.
(/home/srishti/.TinyTeX/texmf-dist/tex/latex/lm/omllmm.fd
File: omllmm.fd 2009/10/30 v1.6 Font defs for Latin Modern
)
LaTeX Font Info:    Try loading font information for OMS+lmsy on input line 4.
(/home/srishti/.TinyTeX/texmf-dist/tex/latex/lm/omslmsy.fd
File: omslmsy.fd 2009/10/30 v1.6 Font defs for Latin Modern
)
LaTeX Font Info:    Try loading font information for OMX+lmex on input line 4.
(/home/srishti/.TinyTeX/texmf-dist/tex/latex/lm/omxlmex.fd
File: omxlmex.fd 2009/10/30 v1.6 Font defs for Latin Modern
)
LaTeX Font Info:    External font `lmex10' loaded for size
(Font)              <10.95> on input line 4.
LaTeX Font Info:    External font `lmex10' loaded for size
(Font)              <8> on input line 4.
LaTeX Font Info:    External font `lmex10' loaded for size
(Font)              <6> on input line 4.
LaTeX Font Info:    Try loading font information for U+msa on input line 4.
(/home/srishti/.TinyTeX/texmf-dist/tex/latex/amsfonts/umsa.fd
File: umsa.fd 2013/01/14 v3.01 AMS symbols A
)
LaTeX Font Info:    Try loading font information for U+msb on input line 4.
(/home/srishti/.TinyTeX/texmf-dist/tex/latex/amsfonts/umsb.fd
File: umsb.fd 2013/01/14 v3.01 AMS symbols B
)
<images/logo.png, id=245, 99.37125pt x 112.16907pt>
File: images/logo.png Graphic file (type png)
<use images/logo.png>
Package pdftex.def Info: images/logo.png  used on input line 32.
(pdftex.def)             Requested size: 23.48871pt x 26.51376pt.

Package Fancyhdr Warning: \headheight is too small (12.0pt): 
Make it at least 30.5938pt.
We now make it that large for the rest of the document.
This may cause the page layout to be inconsistent, however.

[2 <./images/logo.png>])
\tf@toc=\write5
\openout5 = `Whitepaper.toc'.

File: images/logo.png Graphic file (type png)
<use images/logo.png>
Package pdftex.def Info: images/logo.png  used on input line 170.
(pdftex.def)             Requested size: 23.48871pt x 26.51376pt.
[3]
<./images/information_prob.png, id=276, 459.7175pt x 63.23625pt>
File: ./images/information_prob.png Graphic file (type png)
<use ./images/information_prob.png>
Package pdftex.def Info: ./images/information_prob.png  used on input line 212.

(pdftex.def)             Requested size: 305.35054pt x 42.00235pt.
File: images/logo.png Graphic file (type png)
<use images/logo.png>
Package pdftex.def Info: images/logo.png  used on input line 239.
(pdftex.def)             Requested size: 23.48871pt x 26.51376pt.
[4pdfTeX warning (ext4): destination with the same identifier (name{figure.2.1}
) has been already used, duplicate ignored

\AtBegShi@Output ...ipout \box \AtBeginShipoutBox 
                                                  \fi \fi 
l.239 
       <./images/information_prob.png>]
<./images/information_channel.png, id=285, 501.875pt x 130.4875pt>
File: ./images/information_channel.png Graphic file (type png)
<use ./images/information_channel.png>
Package pdftex.def Info: ./images/information_channel.png  used on input line 2
48.
(pdftex.def)             Requested size: 305.35452pt x 79.39217pt.
LaTeX Font Info:    Try loading font information for TS1+lmr on input line 258.

(/home/srishti/.TinyTeX/texmf-dist/tex/latex/lm/ts1lmr.fd
File: ts1lmr.fd 2009/10/30 v1.6 Font defs for Latin Modern
)
File: images/logo.png Graphic file (type png)
<use images/logo.png>
Package pdftex.def Info: images/logo.png  used on input line 299.
(pdftex.def)             Requested size: 23.48871pt x 26.51376pt.
[5pdfTeX warning (ext4): destination with the same identifier (name{figure.2.2}
) has been already used, duplicate ignored

\AtBegShi@Output ...ipout \box \AtBeginShipoutBox 
                                                  \fi \fi 
l.299 I
       f we have two variables `x' and `y', the conditional probability that <.
/images/information_channel.png>]
<./images/fixed_length_code.png, id=297, 473.77pt x 293.095pt>
File: ./images/fixed_length_code.png Graphic file (type png)
<use ./images/fixed_length_code.png>
Package pdftex.def Info: ./images/fixed_length_code.png  used on input line 335
.
(pdftex.def)             Requested size: 164.4123pt x 101.71268pt.
<./images/variable_length_code1.png, id=299, 275.0275pt x 239.89626pt>
File: ./images/variable_length_code1.png Graphic file (type png)
<use ./images/variable_length_code1.png>
Package pdftex.def Info: ./images/variable_length_code1.png  used on input line
 344.
(pdftex.def)             Requested size: 164.42186pt x 143.41905pt.

LaTeX Warning: `!h' float specifier changed to `!ht'.

File: images/logo.png Graphic file (type png)
<use images/logo.png>
Package pdftex.def Info: images/logo.png  used on input line 355.
(pdftex.def)             Requested size: 23.48871pt x 26.51376pt.
[6pdfTeX warning (ext4): destination with the same identifier (name{figure.3.1}
) has been already used, duplicate ignored

\AtBegShi@Output ...ipout \box \AtBeginShipoutBox 
                                                  \fi \fi 
l.355 
       <./images/fixed_length_code.png>]
<./images/variable_length_code2.png, id=310, 756.8275pt x 274.02374pt>
File: ./images/variable_length_code2.png Graphic file (type png)
<use ./images/variable_length_code2.png>
Package pdftex.def Info: ./images/variable_length_code2.png  used on input line
 358.
(pdftex.def)             Requested size: 305.33554pt x 110.55252pt.
<./images/optimal_encoding1.png, id=311, 768.8725pt x 221.82875pt>
File: ./images/optimal_encoding1.png Graphic file (type png)
<use ./images/optimal_encoding1.png>
Package pdftex.def Info: ./images/optimal_encoding1.png  used on input line 388
.
(pdftex.def)             Requested size: 305.33792pt x 88.09357pt.

LaTeX Warning: `!h' float specifier changed to `!ht'.

File: images/logo.png Graphic file (type png)
<use images/logo.png>
Package pdftex.def Info: images/logo.png  used on input line 399.
(pdftex.def)             Requested size: 23.48871pt x 26.51376pt.
[7pdfTeX warning (ext4): destination with the same identifier (name{figure.3.2}
) has been already used, duplicate ignored

\AtBegShi@Output ...ipout \box \AtBeginShipoutBox 
                                                  \fi \fi 
l.399 
      pdfTeX warning (ext4): destination with the same identifier (name{figure.
3.3}) has been already used, duplicate ignored

\AtBegShi@Output ...ipout \box \AtBeginShipoutBox 
                                                  \fi \fi 
l.399 
       <./images/variable_length_code1.png> <./images/variable_length_code2.png
>]
<./images/optimal_encoding2.png, id=322, 697.60625pt x 189.70876pt>
File: ./images/optimal_encoding2.png Graphic file (type png)
<use ./images/optimal_encoding2.png>
Package pdftex.def Info: ./images/optimal_encoding2.png  used on input line 402
.
(pdftex.def)             Requested size: 305.34036pt x 83.035pt.
<./images/optimal_encoding3.png, id=323, 771.88374pt x 149.55875pt>
File: ./images/optimal_encoding3.png Graphic file (type png)
<use ./images/optimal_encoding3.png>
Package pdftex.def Info: ./images/optimal_encoding3.png  used on input line 411
.
(pdftex.def)             Requested size: 399.29715pt x 77.36707pt.
<./images/self_info.png, id=324, 525.965pt x 317.185pt>
File: ./images/self_info.png Graphic file (type png)
<use ./images/self_info.png>
Package pdftex.def Info: ./images/self_info.png  used on input line 440.
(pdftex.def)             Requested size: 399.31218pt x 240.80658pt.
File: images/logo.png Graphic file (type png)
<use images/logo.png>
Package pdftex.def Info: images/logo.png  used on input line 442.
(pdftex.def)             Requested size: 23.48871pt x 26.51376pt.
[8pdfTeX warning (ext4): destination with the same identifier (name{figure.3.4}
) has been already used, duplicate ignored

\AtBegShi@Output ...ipout \box \AtBeginShipoutBox 
                                                  \fi \fi 
l.442 \end{figure}
                  pdfTeX warning (ext4): destination with the same identifier (
name{figure.3.5}) has been already used, duplicate ignored

\AtBegShi@Output ...ipout \box \AtBeginShipoutBox 
                                                  \fi \fi 
l.442 \end{figure}
                  pdfTeX warning (ext4): destination with the same identifier (
name{figure.3.6}) has been already used, duplicate ignored

\AtBegShi@Output ...ipout \box \AtBeginShipoutBox 
                                                  \fi \fi 
l.442 \end{figure}
                   <./images/optimal_encoding1.png> <./images/optimal_encoding2
.png> <./images/optimal_encoding3.png>]
<./images/entropy1.png, id=337, 773.89125pt x 129.48375pt>
File: ./images/entropy1.png Graphic file (type png)
<use ./images/entropy1.png>
Package pdftex.def Info: ./images/entropy1.png  used on input line 462.
(pdftex.def)             Requested size: 305.33534pt x 51.08722pt.
File: images/logo.png Graphic file (type png)
<use images/logo.png>
Package pdftex.def Info: images/logo.png  used on input line 476.
(pdftex.def)             Requested size: 23.48871pt x 26.51376pt.
[9pdfTeX warning (ext4): destination with the same identifier (name{figure.3.7}
) has been already used, duplicate ignored

\AtBegShi@Output ...ipout \box \AtBeginShipoutBox 
                                                  \fi \fi 
l.476 \[L(X)= log_{2}(1/p(X))\]
                                As we discussed earlier, there is a limit topdf
TeX warning (ext4): destination with the same identifier (name{figure.3.8}) has
 been already used, duplicate ignored

\AtBegShi@Output ...ipout \box \AtBeginShipoutBox 
                                                  \fi \fi 
l.476 \[L(X)= log_{2}(1/p(X))\]
                                As we discussed earlier, there is a limit to <.
/images/self_info.png> <./images/entropy1.png>]
LaTeX Font Info:    Try loading font information for T1+lmtt on input line 501.

(/home/srishti/.TinyTeX/texmf-dist/tex/latex/lm/t1lmtt.fd
File: t1lmtt.fd 2009/10/30 v1.6 Font defs for Latin Modern
)
LaTeX Font Info:    Font shape `T1/lmtt/bx/n' in size <10.95> not available
(Font)              Font shape `T1/lmtt/b/n' tried instead on input line 503.
LaTeX Font Info:    Try loading font information for TS1+lmtt on input line 503
.
(/home/srishti/.TinyTeX/texmf-dist/tex/latex/lm/ts1lmtt.fd
File: ts1lmtt.fd 2009/10/30 v1.6 Font defs for Latin Modern
)
File: images/logo.png Graphic file (type png)
<use images/logo.png>
Package pdftex.def Info: images/logo.png  used on input line 542.
(pdftex.def)             Requested size: 23.48871pt x 26.51376pt.
[10]
File: images/logo.png Graphic file (type png)
<use images/logo.png>
Package pdftex.def Info: images/logo.png  used on input line 594.
(pdftex.def)             Requested size: 23.48871pt x 26.51376pt.
[11]
<./images/channel_mutual_info.png, id=364, 508.90125pt x 198.7425pt>
File: ./images/channel_mutual_info.png Graphic file (type png)
<use ./images/channel_mutual_info.png>
Package pdftex.def Info: ./images/channel_mutual_info.png  used on input line 6
16.
(pdftex.def)             Requested size: 258.37918pt x 100.90547pt.
File: images/logo.png Graphic file (type png)
<use images/logo.png>
Package pdftex.def Info: images/logo.png  used on input line 643.
(pdftex.def)             Requested size: 23.48871pt x 26.51376pt.
[12pdfTeX warning (ext4): destination with the same identifier (name{figure.3.9
}) has been already used, duplicate ignored

\AtBegShi@Output ...ipout \box \AtBeginShipoutBox 
                                                  \fi \fi 
l.643 \end{align}
                  <./images/channel_mutual_info.png>]
<./images/multivariate_info.png, id=372, 1027.84pt x 1024.82875pt>
File: ./images/multivariate_info.png Graphic file (type png)
<use ./images/multivariate_info.png>
Package pdftex.def Info: ./images/multivariate_info.png  used on input line 661
.
(pdftex.def)             Requested size: 211.38295pt x 210.76367pt.
File: images/logo.png Graphic file (type png)
<use images/logo.png>
Package pdftex.def Info: images/logo.png  used on input line 689.
(pdftex.def)             Requested size: 23.48871pt x 26.51376pt.
[13pdfTeX warning (ext4): destination with the same identifier (name{figure.3.1
0}) has been already used, duplicate ignored

\AtBegShi@Output ...ipout \box \AtBeginShipoutBox 
                                                  \fi \fi 
l.689 \[
        I(X_{1};X_{2};.....;X_{n})= - \sum_{T \subseteq (1,2,...,n)}(-1)^{|T...
 <./images/multivariate_info.png>]
Underfull \hbox (badness 10000) in paragraph at lines 724--726

 []

File: images/logo.png Graphic file (type png)
<use images/logo.png>
Package pdftex.def Info: images/logo.png  used on input line 752.
(pdftex.def)             Requested size: 23.48871pt x 26.51376pt.
[14]
File: images/logo.png Graphic file (type png)
<use images/logo.png>
Package pdftex.def Info: images/logo.png  used on input line 812.
(pdftex.def)             Requested size: 23.48871pt x 26.51376pt.
[15]
<Whitepaper_files/figure-latex/unnamed-chunk-2-1.pdf, id=401, 361.35pt x 144.54
pt>
File: Whitepaper_files/figure-latex/unnamed-chunk-2-1.pdf Graphic file (type pd
f)
<use Whitepaper_files/figure-latex/unnamed-chunk-2-1.pdf>
Package pdftex.def Info: Whitepaper_files/figure-latex/unnamed-chunk-2-1.pdf  u
sed on input line 839.
(pdftex.def)             Requested size: 361.34912pt x 144.53963pt.
File: images/logo.png Graphic file (type png)
<use images/logo.png>
Package pdftex.def Info: images/logo.png  used on input line 861.
(pdftex.def)             Requested size: 23.48871pt x 26.51376pt.
[16 <./Whitepaper_files/figure-latex/unnamed-chunk-2-1.pdf>]
File: images/logo.png Graphic file (type png)
<use images/logo.png>
Package pdftex.def Info: images/logo.png  used on input line 922.
(pdftex.def)             Requested size: 23.48871pt x 26.51376pt.
[17]
File: images/logo.png Graphic file (type png)
<use images/logo.png>
Package pdftex.def Info: images/logo.png  used on input line 1005.
(pdftex.def)             Requested size: 23.48871pt x 26.51376pt.
[18]
<./images/forward_kl.png, id=422, 565.11125pt x 258.9675pt>
File: ./images/forward_kl.png Graphic file (type png)
<use ./images/forward_kl.png>
Package pdftex.def Info: ./images/forward_kl.png  used on input line 1034.
(pdftex.def)             Requested size: 258.3677pt x 118.3994pt.

LaTeX Warning: Command \textrightarrow invalid in math mode on input line 1051.



LaTeX Warning: Command \textrightarrow invalid in math mode on input line 1051.


File: images/logo.png Graphic file (type png)
<use images/logo.png>
Package pdftex.def Info: images/logo.png  used on input line 1059.
(pdftex.def)             Requested size: 23.48871pt x 26.51376pt.
[19pdfTeX warning (ext4): destination with the same identifier (name{figure.3.1
1}) has been already used, duplicate ignored

\AtBegShi@Output ...ipout \box \AtBeginShipoutBox 
                                                  \fi \fi 
l.1059 
        <./images/forward_kl.png (PNG copy)>]
<./images/reverse_kl.png, id=434, 714.67pt x 234.8775pt>
File: ./images/reverse_kl.png Graphic file (type png)
<use ./images/reverse_kl.png>
Package pdftex.def Info: ./images/reverse_kl.png  used on input line 1118.
(pdftex.def)             Requested size: 258.3606pt x 84.91064pt.

LaTeX Warning: `!h' float specifier changed to `!ht'.

File: images/logo.png Graphic file (type png)
<use images/logo.png>
Package pdftex.def Info: images/logo.png  used on input line 1130.
(pdftex.def)             Requested size: 23.48871pt x 26.51376pt.
[20]
<Whitepaper_files/figure-latex/unnamed-chunk-4-1.pdf, id=445, 216.81pt x 216.81
pt>
File: Whitepaper_files/figure-latex/unnamed-chunk-4-1.pdf Graphic file (type pd
f)
<use Whitepaper_files/figure-latex/unnamed-chunk-4-1.pdf>
Package pdftex.def Info: Whitepaper_files/figure-latex/unnamed-chunk-4-1.pdf  u
sed on input line 1169.
(pdftex.def)             Requested size: 216.81938pt x 216.81938pt.
File: images/logo.png Graphic file (type png)
<use images/logo.png>
Package pdftex.def Info: images/logo.png  used on input line 1169.
(pdftex.def)             Requested size: 23.48871pt x 26.51376pt.
[21pdfTeX warning (ext4): destination with the same identifier (name{figure.3.1
2}) has been already used, duplicate ignored

\AtBegShi@Output ...ipout \box \AtBeginShipoutBox 
                                                  \fi \fi 
l.1169 ...re-latex/unnamed-chunk-4-1} \end{center}
                                                   <./images/reverse_kl.png (PN
G copy)>]
File: images/logo.png Graphic file (type png)
<use images/logo.png>
Package pdftex.def Info: images/logo.png  used on input line 1215.
(pdftex.def)             Requested size: 23.48871pt x 26.51376pt.
[22 <./Whitepaper_files/figure-latex/unnamed-chunk-4-1.pdf>]
<./images/gaussian_distr.png, id=463, 296.10625pt x 262.9825pt>
File: ./images/gaussian_distr.png Graphic file (type png)
<use ./images/gaussian_distr.png>
Package pdftex.def Info: ./images/gaussian_distr.png  used on input line 1221.
(pdftex.def)             Requested size: 117.43735pt x 104.3003pt.
<./images/exponential_distr.png, id=464, 285.065pt x 232.87pt>
File: ./images/exponential_distr.png Graphic file (type png)
<use ./images/exponential_distr.png>
Package pdftex.def Info: ./images/exponential_distr.png  used on input line 125
5.
(pdftex.def)             Requested size: 117.43852pt x 95.93568pt.

LaTeX Warning: `!h' float specifier changed to `!ht'.

File: images/logo.png Graphic file (type png)
<use images/logo.png>
Package pdftex.def Info: images/logo.png  used on input line 1267.
(pdftex.def)             Requested size: 23.48871pt x 26.51376pt.
[23pdfTeX warning (ext4): destination with the same identifier (name{figure.3.1
3}) has been already used, duplicate ignored

\AtBegShi@Output ...ipout \box \AtBeginShipoutBox 
                                                  \fi \fi 
l.1267 \[p(x)=1/(x_{max}-x_{min}) \]
                                     The curve for the same is depicted by the 
<./images/gaussian_distr.png>]
<./images/uniform_distr.png, id=474, 294.09875pt x 227.85126pt>
File: ./images/uniform_distr.png Graphic file (type png)
<use ./images/uniform_distr.png>
Package pdftex.def Info: ./images/uniform_distr.png  used on input line 1272.
(pdftex.def)             Requested size: 117.43996pt x 90.9859pt.
<./images/loss_functions.png, id=475, 605.26125pt x 649.42625pt>
File: ./images/loss_functions.png Graphic file (type png)
<use ./images/loss_functions.png>
Package pdftex.def Info: ./images/loss_functions.png  used on input line 1289.
(pdftex.def)             Requested size: 211.38283pt x 226.80711pt.

LaTeX Warning: `!h' float specifier changed to `!ht'.

File: images/logo.png Graphic file (type png)
<use images/logo.png>
Package pdftex.def Info: images/logo.png  used on input line 1315.
(pdftex.def)             Requested size: 23.48871pt x 26.51376pt.
[24pdfTeX warning (ext4): destination with the same identifier (name{figure.3.1
4}) has been already used, duplicate ignored

\AtBegShi@Output ...ipout \box \AtBeginShipoutBox 
                                                  \fi \fi 
l.1315 the following: \begin{align}
                                   pdfTeX warning (ext4): destination with the 
same identifier (name{figure.3.15}) has been already used, duplicate ignored

\AtBegShi@Output ...ipout \box \AtBeginShipoutBox 
                                                  \fi \fi 
l.1315 the following: \begin{align}
                                    <./images/exponential_distr.png> <./images/
uniform_distr.png>]
File: images/logo.png Graphic file (type png)
<use images/logo.png>
Package pdftex.def Info: images/logo.png  used on input line 1358.
(pdftex.def)             Requested size: 23.48871pt x 26.51376pt.
[25pdfTeX warning (ext4): destination with the same identifier (name{figure.3.1
6}) has been already used, duplicate ignored

\AtBegShi@Output ...ipout \box \AtBeginShipoutBox 
                                                  \fi \fi 
l.1358 
        <./images/loss_functions.png>]
<./images/focal_loss.png, id=491, 729.72626pt x 444.66125pt>
File: ./images/focal_loss.png Graphic file (type png)
<use ./images/focal_loss.png>
Package pdftex.def Info: ./images/focal_loss.png  used on input line 1389.
(pdftex.def)             Requested size: 211.38136pt x 128.80597pt.
File: images/logo.png Graphic file (type png)
<use images/logo.png>
Package pdftex.def Info: images/logo.png  used on input line 1405.
(pdftex.def)             Requested size: 23.48871pt x 26.51376pt.
[26pdfTeX warning (ext4): destination with the same identifier (name{figure.3.1
7}) has been already used, duplicate ignored

\AtBegShi@Output ...ipout \box \AtBeginShipoutBox 
                                                  \fi \fi 
l.1405 
        <./images/focal_loss.png>]

LaTeX Warning: Command \textemdash invalid in math mode on input line 1421.

<./images/learning_rate1.png, id=498, 600.2425pt x 436.63126pt>
File: ./images/learning_rate1.png Graphic file (type png)
<use ./images/learning_rate1.png>
Package pdftex.def Info: ./images/learning_rate1.png  used on input line 1436.
(pdftex.def)             Requested size: 211.38858pt x 153.76929pt.
File: images/logo.png Graphic file (type png)
<use images/logo.png>
Package pdftex.def Info: images/logo.png  used on input line 1446.
(pdftex.def)             Requested size: 23.48871pt x 26.51376pt.
[27pdfTeX warning (ext4): destination with the same identifier (name{figure.3.1
8}) has been already used, duplicate ignored

\AtBegShi@Output ...ipout \box \AtBeginShipoutBox 
                                                  \fi \fi 
l.1446 
        <./images/learning_rate1.png>]
<./images/learning_rate2.png, id=506, 702.625pt x 398.48875pt>
File: ./images/learning_rate2.png Graphic file (type png)
<use ./images/learning_rate2.png>
Package pdftex.def Info: ./images/learning_rate2.png  used on input line 1449.
(pdftex.def)             Requested size: 305.34993pt x 173.17703pt.
File: images/logo.png Graphic file (type png)
<use images/logo.png>
Package pdftex.def Info: images/logo.png  used on input line 1495.
(pdftex.def)             Requested size: 23.48871pt x 26.51376pt.
[28pdfTeX warning (ext4): destination with the same identifier (name{figure.3.1
9}) has been already used, duplicate ignored

\AtBegShi@Output ...ipout \box \AtBeginShipoutBox 
                                                  \fi \fi 
l.1495 \end{verbatim}
                      <./images/learning_rate2.png>]
<./images/entropy_grade_split.png, id=514, 518.93875pt x 217.81375pt>
File: ./images/entropy_grade_split.png Graphic file (type png)
<use ./images/entropy_grade_split.png>
Package pdftex.def Info: ./images/entropy_grade_split.png  used on input line 1
519.
(pdftex.def)             Requested size: 211.38847pt x 88.7259pt.
File: images/logo.png Graphic file (type png)
<use images/logo.png>
Package pdftex.def Info: images/logo.png  used on input line 1553.
(pdftex.def)             Requested size: 23.48871pt x 26.51376pt.
[29pdfTeX warning (ext4): destination with the same identifier (name{figure.3.2
0}) has been already used, duplicate ignored

\AtBegShi@Output ...ipout \box \AtBeginShipoutBox 
                                                  \fi \fi 
l.1553 \end{Shaded}
                    <./images/entropy_grade_split.png>]
<./images/entropy_speedlimit.png, id=521, 518.93875pt x 217.81375pt>
File: ./images/entropy_speedlimit.png Graphic file (type png)
<use ./images/entropy_speedlimit.png>
Package pdftex.def Info: ./images/entropy_speedlimit.png  used on input line 15
88.
(pdftex.def)             Requested size: 211.38847pt x 88.7259pt.
File: images/logo.png Graphic file (type png)
<use images/logo.png>
Package pdftex.def Info: images/logo.png  used on input line 1613.
(pdftex.def)             Requested size: 23.48871pt x 26.51376pt.
[30pdfTeX warning (ext4): destination with the same identifier (name{figure.3.2
1}) has been already used, duplicate ignored

\AtBegShi@Output ...ipout \box \AtBeginShipoutBox 
                                                  \fi \fi 
l.1613 
        <./images/entropy_speedlimit.png>]
File: images/logo.png Graphic file (type png)
<use images/logo.png>
Package pdftex.def Info: images/logo.png  used on input line 1684.
(pdftex.def)             Requested size: 23.48871pt x 26.51376pt.
[31]
<./images/Rate_distortion.png, id=540, 722.7pt x 94.3525pt>
File: ./images/Rate_distortion.png Graphic file (type png)
<use ./images/Rate_distortion.png>
Package pdftex.def Info: ./images/Rate_distortion.png  used on input line 1692.

(pdftex.def)             Requested size: 211.38614pt x 27.59763pt.
File: images/logo.png Graphic file (type png)
<use images/logo.png>
Package pdftex.def Info: images/logo.png  used on input line 1747.
(pdftex.def)             Requested size: 23.48871pt x 26.51376pt.
[32pdfTeX warning (ext4): destination with the same identifier (name{figure.3.2
2}) has been already used, duplicate ignored

\AtBegShi@Output ...ipout \box \AtBeginShipoutBox 
                                                  \fi \fi 
l.1747 
        <./images/Rate_distortion.png>]
<./images/info_measures.png, id=548, 878.28125pt x 291.0875pt>
File: ./images/info_measures.png Graphic file (type png)
<use ./images/info_measures.png>
Package pdftex.def Info: ./images/info_measures.png  used on input line 1750.
(pdftex.def)             Requested size: 258.36705pt x 85.6302pt.
File: images/logo.png Graphic file (type png)
<use images/logo.png>
Package pdftex.def Info: images/logo.png  used on input line 1804.
(pdftex.def)             Requested size: 23.48871pt x 26.51376pt.
[33pdfTeX warning (ext4): destination with the same identifier (name{figure.4.1
}) has been already used, duplicate ignored

\AtBegShi@Output ...ipout \box \AtBeginShipoutBox 
                                                  \fi \fi 
l.1804 
        <./images/info_measures.png>]
<./images/MI_optimization.png, id=556, 590.205pt x 307.1475pt>
File: ./images/MI_optimization.png Graphic file (type png)
<use ./images/MI_optimization.png>
Package pdftex.def Info: ./images/MI_optimization.png  used on input line 1849.

(pdftex.def)             Requested size: 187.89682pt x 97.78304pt.
File: images/logo.png Graphic file (type png)
<use images/logo.png>
Package pdftex.def Info: images/logo.png  used on input line 1863.
(pdftex.def)             Requested size: 23.48871pt x 26.51376pt.
[34pdfTeX warning (ext4): destination with the same identifier (name{figure.5.1
}) has been already used, duplicate ignored

\AtBegShi@Output ...ipout \box \AtBeginShipoutBox 
                                                  \fi \fi 
l.1863 
        <./images/MI_optimization.png>]
<./images/model_selection.png, id=567, 711.65875pt x 487.8225pt>
File: ./images/model_selection.png Graphic file (type png)
<use ./images/model_selection.png>
Package pdftex.def Info: ./images/model_selection.png  used on input line 1900.

(pdftex.def)             Requested size: 187.89369pt x 128.79596pt.
File: images/logo.png Graphic file (type png)
<use images/logo.png>
Package pdftex.def Info: images/logo.png  used on input line 1909.
(pdftex.def)             Requested size: 23.48871pt x 26.51376pt.
[35pdfTeX warning (ext4): destination with the same identifier (name{figure.6.1
}) has been already used, duplicate ignored

\AtBegShi@Output ...ipout \box \AtBeginShipoutBox 
                                                  \fi \fi 
l.1909 ...label{aic-akaike-information-criterion}}
                                                   <./images/model_selection.pn
g>]
File: images/logo.png Graphic file (type png)
<use images/logo.png>
Package pdftex.def Info: images/logo.png  used on input line 1964.
(pdftex.def)             Requested size: 23.48871pt x 26.51376pt.
[36]
File: images/logo.png Graphic file (type png)
<use images/logo.png>
Package pdftex.def Info: images/logo.png  used on input line 2032.
(pdftex.def)             Requested size: 23.48871pt x 26.51376pt.
[37]
File: images/logo.png Graphic file (type png)
<use images/logo.png>
Package pdftex.def Info: images/logo.png  used on input line 2098.
(pdftex.def)             Requested size: 23.48871pt x 26.51376pt.
[38]
Overfull \hbox (42.03891pt too wide) in paragraph at lines 2133--2134
[]\T1/lmr/m/it/10.95 Visual In-for-ma-tion The-ory\T1/lmr/m/n/10.95 . Re-trieve
d from [][]$http : / / colah . github . io / posts / 2015-[]09-[]Visual-[]Infor
mation/$[][] 
 []


Underfull \hbox (badness 1102) in paragraph at lines 2137--2138
[]\T1/lmr/m/it/10.95 KL Di-ver-gence for Ma-chine Learn-ing\T1/lmr/m/n/10.95 . 
Re-trieved from [][]$https : / / dibyaghosh . com / blog /
 []


Overfull \hbox (11.94925pt too wide) in paragraph at lines 2145--2147
\T1/lmr/m/n/10.95 / / medium . com / coinmonks / what-[]is-[]entropy-[]and-[]wh
y-[]information-[]gain-[]is-[]matter-[]4e85d46d2f01$[][] 
 []


Overfull \hbox (3.70601pt too wide) in paragraph at lines 2152--2153
[]\T1/lmr/m/it/10.95 Rnyi En-tropy\T1/lmr/m/n/10.95 . Re-trieved from [][]$htt
ps : / / www . johndcook . com / blog / 2018 / 11 / 21 / renyi-[]entropy/$[][] 

 []


Overfull \hbox (33.23685pt too wide) in paragraph at lines 2154--2155
[]\T1/lmr/m/it/10.95 How do I in-ter-pret the AIC\T1/lmr/m/n/10.95 . Re-trieved
 from [][]$https : / / www . r-[]bloggers . com / how-[]do-[]i-[]interpret-[]th
e-[]aic/$[][] 
 []

File: images/logo.png Graphic file (type png)
<use images/logo.png>
Package pdftex.def Info: images/logo.png  used on input line 2156.
(pdftex.def)             Requested size: 23.48871pt x 26.51376pt.
[39]
Underfull \hbox (badness 3088) in paragraph at lines 2156--2157
[]\T1/lmr/m/it/10.95 Model Se-lec-tion Meth-ods\T1/lmr/m/n/10.95 . Re-trieved f
rom [][]$https : / / faculty . psy . ohio-[]state . edu / myung /
 []

Package atveryend Info: Empty hook `BeforeClearDocument' on input line 2162.
File: images/logo.png Graphic file (type png)
<use images/logo.png>
Package pdftex.def Info: images/logo.png  used on input line 2162.
(pdftex.def)             Requested size: 23.48871pt x 26.51376pt.
[40]
Package atveryend Info: Empty hook `AfterLastShipout' on input line 2162.
(./Whitepaper.aux)
Package atveryend Info: Executing hook `AtVeryEndDocument' on input line 2162.
Package atveryend Info: Executing hook `AtEndAfterFileList' on input line 2162.

Package rerunfilecheck Info: File `Whitepaper.out' has not changed.
(rerunfilecheck)             Checksum: 8358DCCE0BC7D1842C1988A9A3CCA884;9766.
Package atveryend Info: Empty hook `AtVeryVeryEnd' on input line 2162.
 ) 
Here is how much of TeX's memory you used:
 11614 strings out of 494562
 167611 string characters out of 6177813
 236792 words of memory out of 5000000
 14891 multiletter control sequences out of 15000+600000
 51409 words of font info for 48 fonts, out of 8000000 for 9000
 14 hyphenation exceptions out of 8191
 32i,16n,43p,502b,479s stack positions out of 5000i,500n,10000p,200000b,80000s
{/home/srishti/.TinyTeX/texmf-dist/fonts/enc/dvips/lm/lm-rm.enc}{/home/srisht
i/.TinyTeX/texmf-dist/fonts/enc/dvips/lm/lm-mathit.enc}{/home/srishti/.TinyTeX/
texmf-dist/fonts/enc/dvips/lm/lm-ts1.enc}{/home/srishti/.TinyTeX/texmf-dist/fon
ts/enc/dvips/lm/lm-mathsy.enc}{/home/srishti/.TinyTeX/texmf-dist/fonts/enc/dvip
s/lm/lm-ec.enc}{/home/srishti/.TinyTeX/texmf-dist/fonts/enc/dvips/lm/lm-mathex.
enc}</home/srishti/.TinyTeX/texmf-dist/fonts/type1/public/lm/lmbx10.pfb></home/
srishti/.TinyTeX/texmf-dist/fonts/type1/public/lm/lmbx12.pfb></home/srishti/.Ti
nyTeX/texmf-dist/fonts/type1/public/lm/lmex10.pfb></home/srishti/.TinyTeX/texmf
-dist/fonts/type1/public/lm/lmmi10.pfb></home/srishti/.TinyTeX/texmf-dist/fonts
/type1/public/lm/lmmi6.pfb></home/srishti/.TinyTeX/texmf-dist/fonts/type1/publi
c/lm/lmmi8.pfb></home/srishti/.TinyTeX/texmf-dist/fonts/type1/public/lm/lmr10.p
fb></home/srishti/.TinyTeX/texmf-dist/fonts/type1/public/lm/lmr17.pfb></home/sr
ishti/.TinyTeX/texmf-dist/fonts/type1/public/lm/lmr6.pfb></home/srishti/.TinyTe
X/texmf-dist/fonts/type1/public/lm/lmr8.pfb></home/srishti/.TinyTeX/texmf-dist/
fonts/type1/public/lm/lmri10.pfb></home/srishti/.TinyTeX/texmf-dist/fonts/type1
/public/lm/lmri12.pfb></home/srishti/.TinyTeX/texmf-dist/fonts/type1/public/lm/
lmsy10.pfb></home/srishti/.TinyTeX/texmf-dist/fonts/type1/public/lm/lmsy8.pfb><
/home/srishti/.TinyTeX/texmf-dist/fonts/type1/public/lm/lmtk10.pfb></home/srish
ti/.TinyTeX/texmf-dist/fonts/type1/public/lm/lmtt10.pfb></home/srishti/.TinyTeX
/texmf-dist/fonts/type1/public/lm/lmtti10.pfb></home/srishti/.TinyTeX/texmf-dis
t/fonts/type1/public/amsfonts/symbols/msbm10.pfb>
Output written on Whitepaper.pdf (40 pages, 3088594 bytes).
PDF statistics:
 759 PDF objects out of 1000 (max. 8388607)
 651 compressed objects within 7 object streams
 214 named destinations out of 1000 (max. 500000)
 556 words of extra memory for PDF output out of 10000 (max. 10000000)

