\BOOKMARK [1][-]{section.1}{\376\377\000A\000b\000s\000t\000r\000a\000c\000t}{}% 1
\BOOKMARK [1][-]{section.2}{\376\377\000I\000n\000t\000r\000o\000d\000u\000c\000t\000i\000o\000n}{}% 2
\BOOKMARK [1][-]{section.3}{\376\377\000F\000e\000w\000\040\000i\000m\000p\000o\000r\000t\000a\000n\000t\000\040\000t\000e\000r\000m\000s\000\040\000o\000f\000\040\000I\000n\000f\000o\000r\000m\000a\000t\000i\000o\000n\000\040\000T\000h\000e\000o\000r\000y\000\040\000a\000n\000d\000\040\000M\000a\000c\000h\000i\000n\000e\000\040\000L\000e\000a\000r\000n\000i\000n\000g}{}% 3
\BOOKMARK [2][-]{subsection.3.1}{\376\377\000M\000a\000r\000g\000i\000n\000a\000l\000\040\000P\000r\000o\000b\000a\000b\000i\000l\000i\000t\000y}{section.3}% 4
\BOOKMARK [2][-]{subsection.3.2}{\376\377\000C\000o\000n\000d\000i\000t\000i\000o\000n\000a\000l\000\040\000P\000r\000o\000b\000a\000b\000i\000l\000i\000t\000y}{section.3}% 5
\BOOKMARK [2][-]{subsection.3.3}{\376\377\000J\000o\000i\000n\000t\000\040\000P\000r\000o\000b\000a\000b\000i\000l\000i\000t\000y}{section.3}% 6
\BOOKMARK [2][-]{subsection.3.4}{\376\377\000C\000o\000d\000e\000w\000o\000r\000d\000s}{section.3}% 7
\BOOKMARK [2][-]{subsection.3.5}{\376\377\000V\000a\000r\000i\000a\000b\000l\000e\000\040\000L\000e\000n\000g\000t\000h\000\040\000C\000o\000d\000e\000s}{section.3}% 8
\BOOKMARK [2][-]{subsection.3.6}{\376\377\000O\000p\000t\000i\000m\000a\000l\000\040\000E\000n\000c\000o\000d\000i\000n\000g}{section.3}% 9
\BOOKMARK [2][-]{subsection.3.7}{\376\377\000S\000h\000a\000n\000n\000o\000n\000\040\000I\000n\000f\000o\000r\000m\000a\000t\000i\000o\000n\000\040\000C\000o\000n\000t\000e\000n\000t}{section.3}% 10
\BOOKMARK [2][-]{subsection.3.8}{\376\377\000E\000n\000t\000r\000o\000p\000y}{section.3}% 11
\BOOKMARK [2][-]{subsection.3.9}{\376\377\000C\000o\000n\000d\000i\000t\000i\000o\000n\000a\000l\000\040\000E\000n\000t\000r\000o\000p\000y}{section.3}% 12
\BOOKMARK [2][-]{subsection.3.10}{\376\377\000C\000r\000o\000s\000s\000\040\000E\000n\000t\000r\000o\000p\000y\000\040\000o\000r\000\040\000J\000o\000i\000n\000t\000\040\000E\000n\000t\000r\000o\000p\000y}{section.3}% 13
\BOOKMARK [2][-]{subsection.3.11}{\376\377\000M\000u\000t\000u\000a\000l\000\040\000I\000n\000f\000o\000r\000m\000a\000t\000i\000o\000n}{section.3}% 14
\BOOKMARK [2][-]{subsection.3.12}{\376\377\000C\000o\000n\000d\000i\000t\000i\000o\000n\000a\000l\000\040\000M\000u\000t\000u\000a\000l\000\040\000I\000n\000f\000o\000r\000m\000a\000t\000i\000o\000n}{section.3}% 15
\BOOKMARK [2][-]{subsection.3.13}{\376\377\000M\000u\000l\000t\000i\000v\000a\000r\000i\000a\000t\000e\000\040\000m\000u\000t\000u\000a\000l\000\040\000i\000n\000f\000o\000r\000m\000a\000t\000i\000o\000n}{section.3}% 16
\BOOKMARK [2][-]{subsection.3.14}{\376\377\000C\000h\000a\000n\000n\000e\000l\000\040\000C\000a\000p\000a\000c\000i\000t\000y}{section.3}% 17
\BOOKMARK [2][-]{subsection.3.15}{\376\377\000I\000n\000f\000o\000r\000m\000a\000t\000i\000o\000n\000\040\000D\000i\000v\000e\000r\000g\000e\000n\000c\000e}{section.3}% 18
\BOOKMARK [2][-]{subsection.3.16}{\376\377\000R\000e\000l\000a\000t\000i\000v\000e\000\040\000e\000n\000t\000r\000o\000p\000y\000\040\000o\000r\000\040\000K\000u\000l\000l\000b\000a\000c\000k\040\023\000L\000e\000i\000b\000l\000e\000r\000\040\000d\000i\000v\000e\000r\000g\000e\000n\000c\000e}{section.3}% 19
\BOOKMARK [3][-]{subsubsection.3.16.1}{\376\377\000F\000o\000r\000w\000a\000r\000d\000\040\000K\000L}{subsection.3.16}% 20
\BOOKMARK [4][-]{paragraph.3.16.1.1}{\376\377\000A\000p\000p\000l\000i\000c\000a\000t\000i\000o\000n\000\040\000o\000f\000\040\000f\000o\000r\000w\000a\000r\000d\000\040\000K\000L\000\040\000d\000i\000v\000e\000r\000g\000e\000n\000c\000e}{subsubsection.3.16.1}% 21
\BOOKMARK [3][-]{subsubsection.3.16.2}{\376\377\000R\000e\000v\000e\000r\000s\000e\000\040\000K\000L}{subsection.3.16}% 22
\BOOKMARK [4][-]{paragraph.3.16.2.1}{\376\377\000A\000p\000p\000l\000i\000c\000a\000t\000i\000o\000n\000\040\000o\000f\000\040\000r\000e\000v\000e\000r\000s\000e\000\040\000K\000L\000\040\000d\000i\000v\000e\000r\000g\000e\000n\000c\000e}{subsubsection.3.16.2}% 23
\BOOKMARK [2][-]{subsection.3.17}{\376\377\000D\000i\000f\000f\000e\000r\000e\000n\000t\000i\000a\000l\000\040\000E\000n\000t\000r\000o\000p\000y}{section.3}% 24
\BOOKMARK [2][-]{subsection.3.18}{\376\377\000E\000n\000t\000r\000o\000p\000y\000\040\000D\000i\000s\000t\000r\000i\000b\000u\000t\000i\000o\000n\000s}{section.3}% 25
\BOOKMARK [3][-]{subsubsection.3.18.1}{\376\377\000G\000a\000u\000s\000s\000i\000a\000n\000\040\000D\000i\000s\000t\000r\000i\000b\000u\000t\000i\000o\000n}{subsection.3.18}% 26
\BOOKMARK [3][-]{subsubsection.3.18.2}{\376\377\000E\000x\000p\000o\000n\000e\000n\000t\000i\000a\000l\000\040\000D\000i\000s\000t\000r\000i\000b\000u\000t\000i\000o\000n}{subsection.3.18}% 27
\BOOKMARK [3][-]{subsubsection.3.18.3}{\376\377\000U\000n\000i\000f\000o\000r\000m\000\040\000D\000i\000s\000t\000r\000i\000b\000u\000t\000i\000o\000n}{subsection.3.18}% 28
\BOOKMARK [2][-]{subsection.3.19}{\376\377\000L\000o\000s\000s\000\040\000f\000u\000n\000c\000t\000i\000o\000n\000s}{section.3}% 29
\BOOKMARK [3][-]{subsubsection.3.19.1}{\376\377\000C\000r\000o\000s\000s\000\040\000E\000n\000t\000r\000o\000p\000y\000\040\000L\000o\000s\000s\000\040\000a\000n\000d\000\040\000L\000o\000g\000\040\000L\000o\000s\000s}{subsection.3.19}% 30
\BOOKMARK [3][-]{subsubsection.3.19.2}{\376\377\000F\000o\000c\000a\000l\000\040\000L\000o\000s\000s}{subsection.3.19}% 31
\BOOKMARK [2][-]{subsection.3.20}{\376\377\000L\000e\000a\000r\000n\000i\000n\000g\000\040\000R\000a\000t\000e}{section.3}% 32
\BOOKMARK [2][-]{subsection.3.21}{\376\377\000I\000n\000f\000o\000r\000m\000a\000t\000i\000o\000n\000\040\000G\000a\000i\000n}{section.3}% 33
\BOOKMARK [2][-]{subsection.3.22}{\376\377\000I\000n\000f\000o\000r\000m\000a\000t\000i\000o\000n\000\040\000B\000o\000t\000t\000l\000e\000n\000e\000c\000k\000\040\000M\000e\000t\000h\000o\000d}{section.3}% 34
\BOOKMARK [3][-]{subsubsection.3.22.1}{\376\377\000A\000p\000p\000l\000i\000c\000a\000t\000i\000o\000n\000\040\000o\000f\000\040\000I\000B\000\040\000m\000e\000t\000h\000o\000d\000\040\000i\000n\000\040\000M\000a\000c\000h\000i\000n\000e\000\040\000L\000e\000a\000r\000n\000i\000n\000g}{subsection.3.22}% 35
\BOOKMARK [2][-]{subsection.3.23}{\376\377\000R\000a\000t\000e\000\040\000D\000i\000s\000t\000o\000r\000t\000i\000o\000n\000\040\000T\000h\000e\000o\000r\000y}{section.3}% 36
\BOOKMARK [1][-]{section.4}{\376\377\000I\000n\000f\000o\000r\000m\000a\000t\000i\000o\000n\000\040\000T\000h\000e\000o\000r\000y\000\040\000i\000n\000\040\000F\000e\000a\000t\000u\000r\000e\000\040\000E\000n\000g\000i\000n\000e\000e\000r\000i\000n\000g}{}% 37
\BOOKMARK [1][-]{section.5}{\376\377\000I\000n\000f\000o\000r\000m\000a\000t\000i\000o\000n\000\040\000T\000h\000e\000o\000r\000y\000\040\000i\000n\000\040\000F\000e\000a\000t\000u\000r\000e\000\040\000S\000e\000l\000e\000c\000t\000i\000o\000n}{}% 38
\BOOKMARK [2][-]{subsection.5.1}{\376\377\000M\000u\000t\000u\000a\000l\000\040\000I\000n\000f\000o\000r\000m\000a\000t\000i\000o\000n}{section.5}% 39
\BOOKMARK [3][-]{subsubsection.5.1.1}{\376\377\000A\000p\000p\000l\000i\000c\000a\000t\000i\000o\000n\000\040\000o\000f\000\040\000o\000p\000t\000i\000m\000i\000z\000a\000t\000i\000o\000n\000\040\000o\000f\000\040\000m\000u\000t\000u\000a\000l\000\040\000i\000n\000f\000o\000r\000m\000a\000t\000i\000o\000n\000\040\000f\000o\000r\000\040\000f\000e\000a\000t\000u\000r\000e\000\040\000s\000e\000l\000e\000c\000t\000i\000o\000n}{subsection.5.1}% 40
\BOOKMARK [2][-]{subsection.5.2}{\376\377\000R\000e\000n\000y\000i\000\040\000E\000n\000t\000r\000o\000p\000y}{section.5}% 41
\BOOKMARK [1][-]{section.6}{\376\377\000I\000n\000f\000o\000r\000m\000a\000t\000i\000o\000n\000\040\000T\000h\000e\000o\000r\000y\000\040\000i\000n\000\040\000M\000o\000d\000e\000l\000\040\000S\000e\000l\000e\000c\000t\000i\000o\000n}{}% 42
\BOOKMARK [2][-]{subsection.6.1}{\376\377\000A\000I\000C\000:\000\040\000A\000k\000a\000i\000k\000e\000\040\000I\000n\000f\000o\000r\000m\000a\000t\000i\000o\000n\000\040\000C\000r\000i\000t\000e\000r\000i\000o\000n}{section.6}% 43
\BOOKMARK [2][-]{subsection.6.2}{\376\377\000B\000I\000C\000:\000\040\000B\000a\000y\000e\000s\000i\000a\000n\000\040\000i\000n\000f\000o\000r\000m\000a\000t\000i\000o\000n\000\040\000c\000r\000i\000t\000e\000r\000i\000o\000n}{section.6}% 44
\BOOKMARK [2][-]{subsection.6.3}{\376\377\000M\000D\000L\000:\000\040\000M\000i\000n\000i\000m\000u\000m\000\040\000D\000e\000s\000c\000r\000i\000p\000t\000i\000o\000n\000\040\000L\000e\000n\000g\000t\000h}{section.6}% 45
\BOOKMARK [1][-]{section.7}{\376\377\000I\000n\000f\000o\000r\000m\000a\000t\000i\000o\000n\000\040\000T\000h\000e\000o\000r\000y\000\040\000i\000n\000\040\000R\000e\000g\000r\000e\000s\000s\000i\000o\000n}{}% 46
\BOOKMARK [1][-]{section.8}{\376\377\000I\000n\000f\000o\000r\000m\000a\000t\000i\000o\000n\000\040\000T\000h\000e\000o\000r\000y\000\040\000i\000n\000\040\000C\000l\000a\000s\000s\000i\000f\000i\000c\000a\000t\000i\000o\000n}{}% 47
\BOOKMARK [1][-]{section.9}{\376\377\000I\000n\000f\000o\000r\000m\000a\000t\000i\000o\000n\000\040\000T\000h\000e\000o\000r\000y\000\040\000i\000n\000\040\000C\000l\000u\000s\000t\000e\000r\000i\000n\000g}{}% 48
\BOOKMARK [2][-]{subsection.9.1}{\376\377\000M\000u\000t\000u\000a\000l\000\040\000I\000n\000f\000o\000r\000m\000a\000t\000i\000o\000n\000\040\000C\000r\000i\000t\000e\000r\000i\000o\000n\000\040\000f\000o\000r\000\040\000I\000n\000f\000o\000r\000m\000a\000t\000i\000o\000n\000\040\000T\000h\000e\000o\000r\000e\000t\000i\000c\000\040\000C\000l\000u\000s\000t\000e\000r\000i\000n\000g}{section.9}% 49
\BOOKMARK [1][-]{section.10}{\376\377\000C\000o\000n\000c\000l\000u\000s\000i\000o\000n}{}% 50
